2026-01-12 20:10:04,173 - INFO - Application started
2026-01-12 20:10:04,173 - INFO - Division is Succesfull : 10 / 2 = 5.0
2026-01-12 20:10:04,174 - ERROR - Failed to divide 6 by 0
Traceback (most recent call last):
  File "/Users/shashidivya/Desktop/NLP-Sentiment_Analysis/test.py", line 12, in divide
    raise ZeroDivisionError("Division by Zero is not allowed")
ZeroDivisionError: Division by Zero is not allowed
2026-01-12 20:10:04,185 - ERROR - It is due to error: Error in /Users/shashidivya/Desktop/NLP-Sentiment_Analysis/test.py, line 12 : Cannot do this division: Division by Zero is not allowed 
2026-01-12 20:10:04,187 - INFO - Application end
2026-01-12 20:14:27,754 - INFO - Data Ingestion begining
2026-01-12 20:14:29,321 - INFO - HTTP Request: HEAD https://huggingface.co/datasets/imdb/resolve/main/README.md "HTTP/1.1 307 Temporary Redirect"
2026-01-12 20:14:29,567 - INFO - HTTP Request: HEAD https://huggingface.co/datasets/stanfordnlp/imdb/resolve/main/README.md "HTTP/1.1 307 Temporary Redirect"
2026-01-12 20:14:29,715 - INFO - HTTP Request: HEAD https://huggingface.co/api/resolve-cache/datasets/stanfordnlp/imdb/e6281661ce1c48d982bc483cf8a173c1bbeb5d31/README.md "HTTP/1.1 200 OK"
2026-01-12 20:14:29,966 - INFO - HTTP Request: HEAD https://huggingface.co/datasets/imdb/resolve/e6281661ce1c48d982bc483cf8a173c1bbeb5d31/imdb.py "HTTP/1.1 307 Temporary Redirect"
2026-01-12 20:14:30,200 - INFO - HTTP Request: HEAD https://huggingface.co/datasets/stanfordnlp/imdb/resolve/e6281661ce1c48d982bc483cf8a173c1bbeb5d31/imdb.py "HTTP/1.1 404 Not Found"
2026-01-12 20:14:30,864 - INFO - HTTP Request: HEAD https://s3.amazonaws.com/datasets.huggingface.co/datasets/datasets/imdb/imdb.py "HTTP/1.1 200 OK"
2026-01-12 20:14:31,211 - INFO - HTTP Request: GET https://huggingface.co/api/datasets/imdb/revision/e6281661ce1c48d982bc483cf8a173c1bbeb5d31 "HTTP/1.1 307 Temporary Redirect"
2026-01-12 20:14:31,442 - INFO - HTTP Request: GET https://huggingface.co/api/datasets/stanfordnlp/imdb/revision/e6281661ce1c48d982bc483cf8a173c1bbeb5d31 "HTTP/1.1 200 OK"
2026-01-12 20:14:31,682 - INFO - HTTP Request: HEAD https://huggingface.co/datasets/imdb/resolve/e6281661ce1c48d982bc483cf8a173c1bbeb5d31/.huggingface.yaml "HTTP/1.1 307 Temporary Redirect"
2026-01-12 20:14:31,919 - INFO - HTTP Request: HEAD https://huggingface.co/datasets/stanfordnlp/imdb/resolve/e6281661ce1c48d982bc483cf8a173c1bbeb5d31/.huggingface.yaml "HTTP/1.1 404 Not Found"
2026-01-12 20:14:34,223 - INFO - HTTP Request: GET https://datasets-server.huggingface.co/info?dataset=imdb "HTTP/1.1 404 Not Found"
2026-01-12 20:14:34,465 - INFO - HTTP Request: GET https://huggingface.co/api/datasets/imdb/tree/e6281661ce1c48d982bc483cf8a173c1bbeb5d31/plain_text?recursive=true&expand=false "HTTP/1.1 307 Temporary Redirect"
2026-01-12 20:14:34,701 - INFO - HTTP Request: GET https://huggingface.co/api/datasets/stanfordnlp/imdb/tree/e6281661ce1c48d982bc483cf8a173c1bbeb5d31/plain_text?recursive=true&expand=false "HTTP/1.1 200 OK"
2026-01-12 20:14:34,936 - INFO - HTTP Request: GET https://huggingface.co/api/datasets/imdb/tree/e6281661ce1c48d982bc483cf8a173c1bbeb5d31?recursive=false&expand=false "HTTP/1.1 307 Temporary Redirect"
2026-01-12 20:14:35,215 - INFO - HTTP Request: GET https://huggingface.co/api/datasets/stanfordnlp/imdb/tree/e6281661ce1c48d982bc483cf8a173c1bbeb5d31?recursive=false&expand=false "HTTP/1.1 200 OK"
2026-01-12 20:14:35,497 - INFO - HTTP Request: HEAD https://huggingface.co/datasets/imdb/resolve/e6281661ce1c48d982bc483cf8a173c1bbeb5d31/dataset_infos.json "HTTP/1.1 307 Temporary Redirect"
2026-01-12 20:14:35,733 - INFO - HTTP Request: HEAD https://huggingface.co/datasets/stanfordnlp/imdb/resolve/e6281661ce1c48d982bc483cf8a173c1bbeb5d31/dataset_infos.json "HTTP/1.1 404 Not Found"
2026-01-12 20:15:02,360 - INFO - Data Ingestion begining
2026-01-12 20:15:03,547 - INFO - HTTP Request: HEAD https://huggingface.co/datasets/imdb/resolve/main/README.md "HTTP/1.1 307 Temporary Redirect"
2026-01-12 20:15:03,803 - INFO - HTTP Request: HEAD https://huggingface.co/datasets/stanfordnlp/imdb/resolve/main/README.md "HTTP/1.1 307 Temporary Redirect"
2026-01-12 20:15:03,972 - INFO - HTTP Request: HEAD https://huggingface.co/api/resolve-cache/datasets/stanfordnlp/imdb/e6281661ce1c48d982bc483cf8a173c1bbeb5d31/README.md "HTTP/1.1 200 OK"
2026-01-12 20:15:04,274 - INFO - HTTP Request: HEAD https://huggingface.co/datasets/imdb/resolve/e6281661ce1c48d982bc483cf8a173c1bbeb5d31/imdb.py "HTTP/1.1 307 Temporary Redirect"
2026-01-12 20:15:04,545 - INFO - HTTP Request: HEAD https://huggingface.co/datasets/stanfordnlp/imdb/resolve/e6281661ce1c48d982bc483cf8a173c1bbeb5d31/imdb.py "HTTP/1.1 404 Not Found"
2026-01-12 20:15:05,301 - INFO - HTTP Request: HEAD https://s3.amazonaws.com/datasets.huggingface.co/datasets/datasets/imdb/imdb.py "HTTP/1.1 200 OK"
2026-01-12 20:15:05,565 - INFO - HTTP Request: GET https://huggingface.co/api/datasets/imdb/revision/e6281661ce1c48d982bc483cf8a173c1bbeb5d31 "HTTP/1.1 307 Temporary Redirect"
2026-01-12 20:15:05,803 - INFO - HTTP Request: GET https://huggingface.co/api/datasets/stanfordnlp/imdb/revision/e6281661ce1c48d982bc483cf8a173c1bbeb5d31 "HTTP/1.1 200 OK"
2026-01-12 20:15:06,040 - INFO - HTTP Request: HEAD https://huggingface.co/datasets/imdb/resolve/e6281661ce1c48d982bc483cf8a173c1bbeb5d31/.huggingface.yaml "HTTP/1.1 307 Temporary Redirect"
2026-01-12 20:15:06,279 - INFO - HTTP Request: HEAD https://huggingface.co/datasets/stanfordnlp/imdb/resolve/e6281661ce1c48d982bc483cf8a173c1bbeb5d31/.huggingface.yaml "HTTP/1.1 404 Not Found"
2026-01-12 20:15:06,537 - INFO - HTTP Request: GET https://datasets-server.huggingface.co/info?dataset=imdb "HTTP/1.1 404 Not Found"
2026-01-12 20:15:06,785 - INFO - HTTP Request: GET https://huggingface.co/api/datasets/imdb/tree/e6281661ce1c48d982bc483cf8a173c1bbeb5d31/plain_text?recursive=true&expand=false "HTTP/1.1 307 Temporary Redirect"
2026-01-12 20:15:07,032 - INFO - HTTP Request: GET https://huggingface.co/api/datasets/stanfordnlp/imdb/tree/e6281661ce1c48d982bc483cf8a173c1bbeb5d31/plain_text?recursive=true&expand=false "HTTP/1.1 200 OK"
2026-01-12 20:15:07,281 - INFO - HTTP Request: GET https://huggingface.co/api/datasets/imdb/tree/e6281661ce1c48d982bc483cf8a173c1bbeb5d31?recursive=false&expand=false "HTTP/1.1 307 Temporary Redirect"
2026-01-12 20:15:07,540 - INFO - HTTP Request: GET https://huggingface.co/api/datasets/stanfordnlp/imdb/tree/e6281661ce1c48d982bc483cf8a173c1bbeb5d31?recursive=false&expand=false "HTTP/1.1 200 OK"
2026-01-12 20:15:07,854 - INFO - HTTP Request: HEAD https://huggingface.co/datasets/imdb/resolve/e6281661ce1c48d982bc483cf8a173c1bbeb5d31/dataset_infos.json "HTTP/1.1 307 Temporary Redirect"
2026-01-12 20:15:08,112 - INFO - HTTP Request: HEAD https://huggingface.co/datasets/stanfordnlp/imdb/resolve/e6281661ce1c48d982bc483cf8a173c1bbeb5d31/dataset_infos.json "HTTP/1.1 404 Not Found"
2026-01-12 20:15:09,420 - INFO - DatasetDict({
    train: Dataset({
        features: ['text', 'label'],
        num_rows: 25000
    })
    test: Dataset({
        features: ['text', 'label'],
        num_rows: 25000
    })
    unsupervised: Dataset({
        features: ['text', 'label'],
        num_rows: 50000
    })
})
2026-01-12 20:15:14,684 - INFO - These are trin and test df's (25000, 2) and (25000, 2)
2026-01-12 20:15:14,826 - INFO - Data                                                   review  label sentiment
6868   Dumb is as dumb does, in this thoroughly unint...      0  negative
24016  I dug out from my garage some old musicals and...      1  positive
9668   After watching this movie I was honestly disap...      0  negative
13640  This movie was nominated for best picture but ...      1  positive
14018  Just like Al Gore shook us up with his painful...      1  positive
2026-01-12 21:10:46,155 - WARNING - Matplotlib is building the font cache; this may take a moment.
2026-01-12 21:11:21,350 - INFO - Failed to extract font properties from /System/Library/Fonts/LastResort.otf: tuple indices must be integers or slices, not str
2026-01-12 21:11:21,934 - INFO - Failed to extract font properties from /System/Library/Fonts/Apple Color Emoji.ttc: Could not set the fontsize (invalid pixel size; error code 0x17)
2026-01-12 21:11:21,955 - INFO - Failed to extract font properties from /System/Library/Fonts/Supplemental/NISC18030.ttf: Could not set the fontsize (invalid pixel size; error code 0x17)
2026-01-12 21:11:22,115 - INFO - generated new fontManager
2026-01-12 21:12:41,126 - INFO - Data Ingestion begining
2026-01-12 21:12:41,609 - INFO - HTTP Request: HEAD https://huggingface.co/datasets/imdb/resolve/main/README.md "HTTP/1.1 307 Temporary Redirect"
2026-01-12 21:12:41,833 - INFO - HTTP Request: HEAD https://huggingface.co/datasets/stanfordnlp/imdb/resolve/main/README.md "HTTP/1.1 307 Temporary Redirect"
2026-01-12 21:12:41,843 - INFO - HTTP Request: HEAD https://huggingface.co/api/resolve-cache/datasets/stanfordnlp/imdb/e6281661ce1c48d982bc483cf8a173c1bbeb5d31/README.md "HTTP/1.1 200 OK"
2026-01-12 21:12:42,066 - INFO - HTTP Request: HEAD https://huggingface.co/datasets/imdb/resolve/e6281661ce1c48d982bc483cf8a173c1bbeb5d31/imdb.py "HTTP/1.1 307 Temporary Redirect"
2026-01-12 21:12:42,294 - INFO - HTTP Request: HEAD https://huggingface.co/datasets/stanfordnlp/imdb/resolve/e6281661ce1c48d982bc483cf8a173c1bbeb5d31/imdb.py "HTTP/1.1 404 Not Found"
2026-01-12 21:12:43,034 - INFO - HTTP Request: HEAD https://s3.amazonaws.com/datasets.huggingface.co/datasets/datasets/imdb/imdb.py "HTTP/1.1 200 OK"
2026-01-12 21:12:43,277 - INFO - HTTP Request: GET https://huggingface.co/api/datasets/imdb/revision/e6281661ce1c48d982bc483cf8a173c1bbeb5d31 "HTTP/1.1 307 Temporary Redirect"
2026-01-12 21:12:43,694 - INFO - HTTP Request: GET https://huggingface.co/api/datasets/stanfordnlp/imdb/revision/e6281661ce1c48d982bc483cf8a173c1bbeb5d31 "HTTP/1.1 200 OK"
2026-01-12 21:12:43,916 - INFO - HTTP Request: HEAD https://huggingface.co/datasets/imdb/resolve/e6281661ce1c48d982bc483cf8a173c1bbeb5d31/.huggingface.yaml "HTTP/1.1 307 Temporary Redirect"
2026-01-12 21:12:44,136 - INFO - HTTP Request: HEAD https://huggingface.co/datasets/stanfordnlp/imdb/resolve/e6281661ce1c48d982bc483cf8a173c1bbeb5d31/.huggingface.yaml "HTTP/1.1 404 Not Found"
2026-01-12 21:12:44,137 - WARNING - Warning: You are sending unauthenticated requests to the HF Hub. Please set a HF_TOKEN to enable higher rate limits and faster downloads.
2026-01-12 21:12:44,437 - INFO - HTTP Request: GET https://datasets-server.huggingface.co/info?dataset=imdb "HTTP/1.1 404 Not Found"
2026-01-12 21:12:44,675 - INFO - HTTP Request: GET https://huggingface.co/api/datasets/imdb/tree/e6281661ce1c48d982bc483cf8a173c1bbeb5d31/plain_text?recursive=true&expand=false "HTTP/1.1 307 Temporary Redirect"
2026-01-12 21:12:44,916 - INFO - HTTP Request: GET https://huggingface.co/api/datasets/stanfordnlp/imdb/tree/e6281661ce1c48d982bc483cf8a173c1bbeb5d31/plain_text?recursive=true&expand=false "HTTP/1.1 200 OK"
2026-01-12 21:12:45,160 - INFO - HTTP Request: GET https://huggingface.co/api/datasets/imdb/tree/e6281661ce1c48d982bc483cf8a173c1bbeb5d31?recursive=false&expand=false "HTTP/1.1 307 Temporary Redirect"
2026-01-12 21:12:45,393 - INFO - HTTP Request: GET https://huggingface.co/api/datasets/stanfordnlp/imdb/tree/e6281661ce1c48d982bc483cf8a173c1bbeb5d31?recursive=false&expand=false "HTTP/1.1 200 OK"
2026-01-12 21:12:45,671 - INFO - HTTP Request: HEAD https://huggingface.co/datasets/imdb/resolve/e6281661ce1c48d982bc483cf8a173c1bbeb5d31/dataset_infos.json "HTTP/1.1 307 Temporary Redirect"
2026-01-12 21:12:45,893 - INFO - HTTP Request: HEAD https://huggingface.co/datasets/stanfordnlp/imdb/resolve/e6281661ce1c48d982bc483cf8a173c1bbeb5d31/dataset_infos.json "HTTP/1.1 404 Not Found"
2026-01-12 21:12:46,041 - INFO - DatasetDict({
    train: Dataset({
        features: ['text', 'label'],
        num_rows: 25000
    })
    test: Dataset({
        features: ['text', 'label'],
        num_rows: 25000
    })
    unsupervised: Dataset({
        features: ['text', 'label'],
        num_rows: 50000
    })
})
2026-01-12 21:12:59,824 - INFO - These are trin and test df's (25000, 2) and (25000, 2)
2026-01-12 23:03:51,385 - INFO - Data Ingestion begining
2026-01-12 23:03:51,937 - INFO - HTTP Request: HEAD https://huggingface.co/datasets/imdb/resolve/main/README.md "HTTP/1.1 307 Temporary Redirect"
2026-01-12 23:03:52,218 - INFO - HTTP Request: HEAD https://huggingface.co/datasets/stanfordnlp/imdb/resolve/main/README.md "HTTP/1.1 307 Temporary Redirect"
2026-01-12 23:03:52,228 - INFO - HTTP Request: HEAD https://huggingface.co/api/resolve-cache/datasets/stanfordnlp/imdb/e6281661ce1c48d982bc483cf8a173c1bbeb5d31/README.md "HTTP/1.1 200 OK"
2026-01-12 23:03:52,459 - INFO - HTTP Request: HEAD https://huggingface.co/datasets/imdb/resolve/e6281661ce1c48d982bc483cf8a173c1bbeb5d31/imdb.py "HTTP/1.1 307 Temporary Redirect"
2026-01-12 23:03:52,775 - INFO - HTTP Request: HEAD https://huggingface.co/datasets/stanfordnlp/imdb/resolve/e6281661ce1c48d982bc483cf8a173c1bbeb5d31/imdb.py "HTTP/1.1 404 Not Found"
2026-01-12 23:03:53,799 - INFO - HTTP Request: HEAD https://s3.amazonaws.com/datasets.huggingface.co/datasets/datasets/imdb/imdb.py "HTTP/1.1 200 OK"
2026-01-12 23:03:54,166 - INFO - HTTP Request: GET https://huggingface.co/api/datasets/imdb/revision/e6281661ce1c48d982bc483cf8a173c1bbeb5d31 "HTTP/1.1 307 Temporary Redirect"
2026-01-12 23:03:54,413 - INFO - HTTP Request: GET https://huggingface.co/api/datasets/stanfordnlp/imdb/revision/e6281661ce1c48d982bc483cf8a173c1bbeb5d31 "HTTP/1.1 200 OK"
2026-01-12 23:03:54,723 - INFO - HTTP Request: HEAD https://huggingface.co/datasets/imdb/resolve/e6281661ce1c48d982bc483cf8a173c1bbeb5d31/.huggingface.yaml "HTTP/1.1 307 Temporary Redirect"
2026-01-12 23:03:55,034 - INFO - HTTP Request: HEAD https://huggingface.co/datasets/stanfordnlp/imdb/resolve/e6281661ce1c48d982bc483cf8a173c1bbeb5d31/.huggingface.yaml "HTTP/1.1 404 Not Found"
2026-01-12 23:03:55,442 - INFO - HTTP Request: GET https://datasets-server.huggingface.co/info?dataset=imdb "HTTP/1.1 404 Not Found"
2026-01-12 23:03:55,746 - INFO - HTTP Request: GET https://huggingface.co/api/datasets/imdb/tree/e6281661ce1c48d982bc483cf8a173c1bbeb5d31/plain_text?recursive=true&expand=false "HTTP/1.1 307 Temporary Redirect"
2026-01-12 23:03:56,058 - INFO - HTTP Request: GET https://huggingface.co/api/datasets/stanfordnlp/imdb/tree/e6281661ce1c48d982bc483cf8a173c1bbeb5d31/plain_text?recursive=true&expand=false "HTTP/1.1 200 OK"
2026-01-12 23:03:56,360 - INFO - HTTP Request: GET https://huggingface.co/api/datasets/imdb/tree/e6281661ce1c48d982bc483cf8a173c1bbeb5d31?recursive=false&expand=false "HTTP/1.1 307 Temporary Redirect"
2026-01-12 23:03:56,666 - INFO - HTTP Request: GET https://huggingface.co/api/datasets/stanfordnlp/imdb/tree/e6281661ce1c48d982bc483cf8a173c1bbeb5d31?recursive=false&expand=false "HTTP/1.1 200 OK"
2026-01-12 23:03:56,909 - INFO - HTTP Request: HEAD https://huggingface.co/datasets/imdb/resolve/e6281661ce1c48d982bc483cf8a173c1bbeb5d31/dataset_infos.json "HTTP/1.1 307 Temporary Redirect"
2026-01-12 23:03:57,140 - INFO - HTTP Request: HEAD https://huggingface.co/datasets/stanfordnlp/imdb/resolve/e6281661ce1c48d982bc483cf8a173c1bbeb5d31/dataset_infos.json "HTTP/1.1 404 Not Found"
2026-01-12 23:03:57,250 - INFO - DatasetDict({
    train: Dataset({
        features: ['text', 'label'],
        num_rows: 25000
    })
    test: Dataset({
        features: ['text', 'label'],
        num_rows: 25000
    })
    unsupervised: Dataset({
        features: ['text', 'label'],
        num_rows: 50000
    })
})
2026-01-12 23:04:03,132 - INFO - These are trin and test df's (25000, 2) and (25000, 2)
2026-01-12 23:10:47,857 - INFO - Data Ingestion begining
2026-01-12 23:10:48,311 - INFO - HTTP Request: HEAD https://huggingface.co/datasets/imdb/resolve/main/README.md "HTTP/1.1 307 Temporary Redirect"
2026-01-12 23:10:48,622 - INFO - HTTP Request: HEAD https://huggingface.co/datasets/stanfordnlp/imdb/resolve/main/README.md "HTTP/1.1 307 Temporary Redirect"
2026-01-12 23:10:48,629 - INFO - HTTP Request: HEAD https://huggingface.co/api/resolve-cache/datasets/stanfordnlp/imdb/e6281661ce1c48d982bc483cf8a173c1bbeb5d31/README.md "HTTP/1.1 200 OK"
2026-01-12 23:10:48,855 - INFO - HTTP Request: HEAD https://huggingface.co/datasets/imdb/resolve/e6281661ce1c48d982bc483cf8a173c1bbeb5d31/imdb.py "HTTP/1.1 307 Temporary Redirect"
2026-01-12 23:10:49,134 - INFO - HTTP Request: HEAD https://huggingface.co/datasets/stanfordnlp/imdb/resolve/e6281661ce1c48d982bc483cf8a173c1bbeb5d31/imdb.py "HTTP/1.1 404 Not Found"
2026-01-12 23:10:50,055 - INFO - HTTP Request: HEAD https://s3.amazonaws.com/datasets.huggingface.co/datasets/datasets/imdb/imdb.py "HTTP/1.1 200 OK"
2026-01-12 23:10:50,363 - INFO - HTTP Request: GET https://huggingface.co/api/datasets/imdb/revision/e6281661ce1c48d982bc483cf8a173c1bbeb5d31 "HTTP/1.1 307 Temporary Redirect"
2026-01-12 23:10:50,669 - INFO - HTTP Request: GET https://huggingface.co/api/datasets/stanfordnlp/imdb/revision/e6281661ce1c48d982bc483cf8a173c1bbeb5d31 "HTTP/1.1 200 OK"
2026-01-12 23:10:50,977 - INFO - HTTP Request: HEAD https://huggingface.co/datasets/imdb/resolve/e6281661ce1c48d982bc483cf8a173c1bbeb5d31/.huggingface.yaml "HTTP/1.1 307 Temporary Redirect"
2026-01-12 23:10:51,285 - INFO - HTTP Request: HEAD https://huggingface.co/datasets/stanfordnlp/imdb/resolve/e6281661ce1c48d982bc483cf8a173c1bbeb5d31/.huggingface.yaml "HTTP/1.1 404 Not Found"
2026-01-12 23:10:51,585 - INFO - HTTP Request: GET https://datasets-server.huggingface.co/info?dataset=imdb "HTTP/1.1 404 Not Found"
2026-01-12 23:10:51,905 - INFO - HTTP Request: GET https://huggingface.co/api/datasets/imdb/tree/e6281661ce1c48d982bc483cf8a173c1bbeb5d31/plain_text?recursive=true&expand=false "HTTP/1.1 307 Temporary Redirect"
2026-01-12 23:10:52,287 - INFO - HTTP Request: GET https://huggingface.co/api/datasets/stanfordnlp/imdb/tree/e6281661ce1c48d982bc483cf8a173c1bbeb5d31/plain_text?recursive=true&expand=false "HTTP/1.1 200 OK"
2026-01-12 23:10:52,615 - INFO - HTTP Request: GET https://huggingface.co/api/datasets/imdb/tree/e6281661ce1c48d982bc483cf8a173c1bbeb5d31?recursive=false&expand=false "HTTP/1.1 307 Temporary Redirect"
2026-01-12 23:10:53,334 - INFO - HTTP Request: GET https://huggingface.co/api/datasets/stanfordnlp/imdb/tree/e6281661ce1c48d982bc483cf8a173c1bbeb5d31?recursive=false&expand=false "HTTP/1.1 200 OK"
2026-01-12 23:10:53,574 - INFO - HTTP Request: HEAD https://huggingface.co/datasets/imdb/resolve/e6281661ce1c48d982bc483cf8a173c1bbeb5d31/dataset_infos.json "HTTP/1.1 307 Temporary Redirect"
2026-01-12 23:10:53,794 - INFO - HTTP Request: HEAD https://huggingface.co/datasets/stanfordnlp/imdb/resolve/e6281661ce1c48d982bc483cf8a173c1bbeb5d31/dataset_infos.json "HTTP/1.1 404 Not Found"
2026-01-12 23:10:53,873 - INFO - DatasetDict({
    train: Dataset({
        features: ['text', 'label'],
        num_rows: 25000
    })
    test: Dataset({
        features: ['text', 'label'],
        num_rows: 25000
    })
    unsupervised: Dataset({
        features: ['text', 'label'],
        num_rows: 50000
    })
})
2026-01-12 23:10:58,452 - INFO - These are trin and test df's (25000, 2) and (25000, 2)
2026-01-12 23:13:24,900 - INFO - Data Ingestion begining
2026-01-12 23:13:25,603 - INFO - HTTP Request: HEAD https://huggingface.co/datasets/imdb/resolve/main/README.md "HTTP/1.1 307 Temporary Redirect"
2026-01-12 23:13:25,843 - INFO - HTTP Request: HEAD https://huggingface.co/datasets/stanfordnlp/imdb/resolve/main/README.md "HTTP/1.1 307 Temporary Redirect"
2026-01-12 23:13:25,852 - INFO - HTTP Request: HEAD https://huggingface.co/api/resolve-cache/datasets/stanfordnlp/imdb/e6281661ce1c48d982bc483cf8a173c1bbeb5d31/README.md "HTTP/1.1 200 OK"
2026-01-12 23:13:26,075 - INFO - HTTP Request: HEAD https://huggingface.co/datasets/imdb/resolve/e6281661ce1c48d982bc483cf8a173c1bbeb5d31/imdb.py "HTTP/1.1 307 Temporary Redirect"
2026-01-12 23:13:26,293 - INFO - HTTP Request: HEAD https://huggingface.co/datasets/stanfordnlp/imdb/resolve/e6281661ce1c48d982bc483cf8a173c1bbeb5d31/imdb.py "HTTP/1.1 404 Not Found"
2026-01-12 23:13:27,553 - INFO - HTTP Request: HEAD https://s3.amazonaws.com/datasets.huggingface.co/datasets/datasets/imdb/imdb.py "HTTP/1.1 200 OK"
2026-01-12 23:13:27,855 - INFO - HTTP Request: GET https://huggingface.co/api/datasets/imdb/revision/e6281661ce1c48d982bc483cf8a173c1bbeb5d31 "HTTP/1.1 307 Temporary Redirect"
2026-01-12 23:13:28,161 - INFO - HTTP Request: GET https://huggingface.co/api/datasets/stanfordnlp/imdb/revision/e6281661ce1c48d982bc483cf8a173c1bbeb5d31 "HTTP/1.1 200 OK"
2026-01-12 23:13:28,468 - INFO - HTTP Request: HEAD https://huggingface.co/datasets/imdb/resolve/e6281661ce1c48d982bc483cf8a173c1bbeb5d31/.huggingface.yaml "HTTP/1.1 307 Temporary Redirect"
2026-01-12 23:13:28,775 - INFO - HTTP Request: HEAD https://huggingface.co/datasets/stanfordnlp/imdb/resolve/e6281661ce1c48d982bc483cf8a173c1bbeb5d31/.huggingface.yaml "HTTP/1.1 404 Not Found"
2026-01-12 23:13:29,601 - INFO - HTTP Request: GET https://datasets-server.huggingface.co/info?dataset=imdb "HTTP/1.1 404 Not Found"
2026-01-12 23:13:29,902 - INFO - HTTP Request: GET https://huggingface.co/api/datasets/imdb/tree/e6281661ce1c48d982bc483cf8a173c1bbeb5d31/plain_text?recursive=true&expand=false "HTTP/1.1 307 Temporary Redirect"
2026-01-12 23:13:30,127 - INFO - HTTP Request: GET https://huggingface.co/api/datasets/stanfordnlp/imdb/tree/e6281661ce1c48d982bc483cf8a173c1bbeb5d31/plain_text?recursive=true&expand=false "HTTP/1.1 200 OK"
2026-01-12 23:13:30,414 - INFO - HTTP Request: GET https://huggingface.co/api/datasets/imdb/tree/e6281661ce1c48d982bc483cf8a173c1bbeb5d31?recursive=false&expand=false "HTTP/1.1 307 Temporary Redirect"
2026-01-12 23:13:30,637 - INFO - HTTP Request: GET https://huggingface.co/api/datasets/stanfordnlp/imdb/tree/e6281661ce1c48d982bc483cf8a173c1bbeb5d31?recursive=false&expand=false "HTTP/1.1 200 OK"
2026-01-12 23:13:30,926 - INFO - HTTP Request: HEAD https://huggingface.co/datasets/imdb/resolve/e6281661ce1c48d982bc483cf8a173c1bbeb5d31/dataset_infos.json "HTTP/1.1 307 Temporary Redirect"
2026-01-12 23:13:31,146 - INFO - HTTP Request: HEAD https://huggingface.co/datasets/stanfordnlp/imdb/resolve/e6281661ce1c48d982bc483cf8a173c1bbeb5d31/dataset_infos.json "HTTP/1.1 404 Not Found"
2026-01-12 23:13:31,176 - INFO - DatasetDict({
    train: Dataset({
        features: ['text', 'label'],
        num_rows: 25000
    })
    test: Dataset({
        features: ['text', 'label'],
        num_rows: 25000
    })
    unsupervised: Dataset({
        features: ['text', 'label'],
        num_rows: 50000
    })
})
2026-01-12 23:13:33,362 - INFO - These are trin and test df's (25000, 2) and (25000, 2)
2026-01-12 23:17:49,095 - INFO - Data Ingestion begining
2026-01-12 23:17:49,579 - INFO - HTTP Request: HEAD https://huggingface.co/datasets/imdb/resolve/main/README.md "HTTP/1.1 307 Temporary Redirect"
2026-01-12 23:17:49,803 - INFO - HTTP Request: HEAD https://huggingface.co/datasets/stanfordnlp/imdb/resolve/main/README.md "HTTP/1.1 307 Temporary Redirect"
2026-01-12 23:17:49,811 - INFO - HTTP Request: HEAD https://huggingface.co/api/resolve-cache/datasets/stanfordnlp/imdb/e6281661ce1c48d982bc483cf8a173c1bbeb5d31/README.md "HTTP/1.1 200 OK"
2026-01-12 23:17:50,032 - INFO - HTTP Request: HEAD https://huggingface.co/datasets/imdb/resolve/e6281661ce1c48d982bc483cf8a173c1bbeb5d31/imdb.py "HTTP/1.1 307 Temporary Redirect"
2026-01-12 23:17:50,258 - INFO - HTTP Request: HEAD https://huggingface.co/datasets/stanfordnlp/imdb/resolve/e6281661ce1c48d982bc483cf8a173c1bbeb5d31/imdb.py "HTTP/1.1 404 Not Found"
2026-01-12 23:17:51,131 - INFO - HTTP Request: HEAD https://s3.amazonaws.com/datasets.huggingface.co/datasets/datasets/imdb/imdb.py "HTTP/1.1 200 OK"
2026-01-12 23:17:51,439 - INFO - HTTP Request: GET https://huggingface.co/api/datasets/imdb/revision/e6281661ce1c48d982bc483cf8a173c1bbeb5d31 "HTTP/1.1 307 Temporary Redirect"
2026-01-12 23:17:51,746 - INFO - HTTP Request: GET https://huggingface.co/api/datasets/stanfordnlp/imdb/revision/e6281661ce1c48d982bc483cf8a173c1bbeb5d31 "HTTP/1.1 200 OK"
2026-01-12 23:17:52,053 - INFO - HTTP Request: HEAD https://huggingface.co/datasets/imdb/resolve/e6281661ce1c48d982bc483cf8a173c1bbeb5d31/.huggingface.yaml "HTTP/1.1 307 Temporary Redirect"
2026-01-12 23:17:52,361 - INFO - HTTP Request: HEAD https://huggingface.co/datasets/stanfordnlp/imdb/resolve/e6281661ce1c48d982bc483cf8a173c1bbeb5d31/.huggingface.yaml "HTTP/1.1 404 Not Found"
2026-01-12 23:17:52,657 - INFO - HTTP Request: GET https://datasets-server.huggingface.co/info?dataset=imdb "HTTP/1.1 404 Not Found"
2026-01-12 23:17:52,974 - INFO - HTTP Request: GET https://huggingface.co/api/datasets/imdb/tree/e6281661ce1c48d982bc483cf8a173c1bbeb5d31/plain_text?recursive=true&expand=false "HTTP/1.1 307 Temporary Redirect"
2026-01-12 23:17:53,282 - INFO - HTTP Request: GET https://huggingface.co/api/datasets/stanfordnlp/imdb/tree/e6281661ce1c48d982bc483cf8a173c1bbeb5d31/plain_text?recursive=true&expand=false "HTTP/1.1 200 OK"
2026-01-12 23:17:53,589 - INFO - HTTP Request: GET https://huggingface.co/api/datasets/imdb/tree/e6281661ce1c48d982bc483cf8a173c1bbeb5d31?recursive=false&expand=false "HTTP/1.1 307 Temporary Redirect"
2026-01-12 23:17:53,903 - INFO - HTTP Request: GET https://huggingface.co/api/datasets/stanfordnlp/imdb/tree/e6281661ce1c48d982bc483cf8a173c1bbeb5d31?recursive=false&expand=false "HTTP/1.1 200 OK"
2026-01-12 23:17:54,204 - INFO - HTTP Request: HEAD https://huggingface.co/datasets/imdb/resolve/e6281661ce1c48d982bc483cf8a173c1bbeb5d31/dataset_infos.json "HTTP/1.1 307 Temporary Redirect"
2026-01-12 23:17:54,511 - INFO - HTTP Request: HEAD https://huggingface.co/datasets/stanfordnlp/imdb/resolve/e6281661ce1c48d982bc483cf8a173c1bbeb5d31/dataset_infos.json "HTTP/1.1 404 Not Found"
2026-01-12 23:17:54,583 - INFO - DatasetDict({
    train: Dataset({
        features: ['text', 'label'],
        num_rows: 25000
    })
    test: Dataset({
        features: ['text', 'label'],
        num_rows: 25000
    })
    unsupervised: Dataset({
        features: ['text', 'label'],
        num_rows: 50000
    })
})
2026-01-12 23:17:57,632 - INFO - These are trin and test df's (25000, 2) and (25000, 2)
2026-01-12 23:20:12,857 - INFO - Data Ingestion begining
2026-01-12 23:20:13,325 - INFO - HTTP Request: HEAD https://huggingface.co/datasets/imdb/resolve/main/README.md "HTTP/1.1 307 Temporary Redirect"
2026-01-12 23:20:13,545 - INFO - HTTP Request: HEAD https://huggingface.co/datasets/stanfordnlp/imdb/resolve/main/README.md "HTTP/1.1 307 Temporary Redirect"
2026-01-12 23:20:13,554 - INFO - HTTP Request: HEAD https://huggingface.co/api/resolve-cache/datasets/stanfordnlp/imdb/e6281661ce1c48d982bc483cf8a173c1bbeb5d31/README.md "HTTP/1.1 200 OK"
2026-01-12 23:20:13,773 - INFO - HTTP Request: HEAD https://huggingface.co/datasets/imdb/resolve/e6281661ce1c48d982bc483cf8a173c1bbeb5d31/imdb.py "HTTP/1.1 307 Temporary Redirect"
2026-01-12 23:20:14,086 - INFO - HTTP Request: HEAD https://huggingface.co/datasets/stanfordnlp/imdb/resolve/e6281661ce1c48d982bc483cf8a173c1bbeb5d31/imdb.py "HTTP/1.1 404 Not Found"
2026-01-12 23:20:15,111 - INFO - HTTP Request: HEAD https://s3.amazonaws.com/datasets.huggingface.co/datasets/datasets/imdb/imdb.py "HTTP/1.1 200 OK"
2026-01-12 23:20:15,416 - INFO - HTTP Request: GET https://huggingface.co/api/datasets/imdb/revision/e6281661ce1c48d982bc483cf8a173c1bbeb5d31 "HTTP/1.1 307 Temporary Redirect"
2026-01-12 23:20:15,635 - INFO - HTTP Request: GET https://huggingface.co/api/datasets/stanfordnlp/imdb/revision/e6281661ce1c48d982bc483cf8a173c1bbeb5d31 "HTTP/1.1 200 OK"
2026-01-12 23:20:15,851 - INFO - HTTP Request: HEAD https://huggingface.co/datasets/imdb/resolve/e6281661ce1c48d982bc483cf8a173c1bbeb5d31/.huggingface.yaml "HTTP/1.1 307 Temporary Redirect"
2026-01-12 23:20:16,134 - INFO - HTTP Request: HEAD https://huggingface.co/datasets/stanfordnlp/imdb/resolve/e6281661ce1c48d982bc483cf8a173c1bbeb5d31/.huggingface.yaml "HTTP/1.1 404 Not Found"
2026-01-12 23:20:16,438 - INFO - HTTP Request: GET https://datasets-server.huggingface.co/info?dataset=imdb "HTTP/1.1 404 Not Found"
2026-01-12 23:20:17,054 - INFO - HTTP Request: GET https://huggingface.co/api/datasets/imdb/tree/e6281661ce1c48d982bc483cf8a173c1bbeb5d31/plain_text?recursive=true&expand=false "HTTP/1.1 307 Temporary Redirect"
2026-01-12 23:20:17,363 - INFO - HTTP Request: GET https://huggingface.co/api/datasets/stanfordnlp/imdb/tree/e6281661ce1c48d982bc483cf8a173c1bbeb5d31/plain_text?recursive=true&expand=false "HTTP/1.1 200 OK"
2026-01-12 23:20:17,582 - INFO - HTTP Request: GET https://huggingface.co/api/datasets/imdb/tree/e6281661ce1c48d982bc483cf8a173c1bbeb5d31?recursive=false&expand=false "HTTP/1.1 307 Temporary Redirect"
2026-01-12 23:20:17,873 - INFO - HTTP Request: GET https://huggingface.co/api/datasets/stanfordnlp/imdb/tree/e6281661ce1c48d982bc483cf8a173c1bbeb5d31?recursive=false&expand=false "HTTP/1.1 200 OK"
2026-01-12 23:20:18,590 - INFO - HTTP Request: HEAD https://huggingface.co/datasets/imdb/resolve/e6281661ce1c48d982bc483cf8a173c1bbeb5d31/dataset_infos.json "HTTP/1.1 307 Temporary Redirect"
2026-01-12 23:20:18,898 - INFO - HTTP Request: HEAD https://huggingface.co/datasets/stanfordnlp/imdb/resolve/e6281661ce1c48d982bc483cf8a173c1bbeb5d31/dataset_infos.json "HTTP/1.1 404 Not Found"
2026-01-12 23:20:18,926 - INFO - DatasetDict({
    train: Dataset({
        features: ['text', 'label'],
        num_rows: 25000
    })
    test: Dataset({
        features: ['text', 'label'],
        num_rows: 25000
    })
    unsupervised: Dataset({
        features: ['text', 'label'],
        num_rows: 50000
    })
})
2026-01-12 23:20:21,178 - INFO - These are trin and test df's (25000, 2) and (25000, 2)
2026-01-12 23:20:28,573 - INFO - These are confusion metrics [[163  41]
 [ 25 171]]
