2026-01-20 20:11:57,670 - INFO - Data Ingestion begining
2026-01-20 20:11:58,586 - INFO - HTTP Request: HEAD https://huggingface.co/datasets/imdb/resolve/main/README.md "HTTP/1.1 307 Temporary Redirect"
2026-01-20 20:11:58,807 - INFO - HTTP Request: HEAD https://huggingface.co/datasets/stanfordnlp/imdb/resolve/main/README.md "HTTP/1.1 307 Temporary Redirect"
2026-01-20 20:11:58,817 - INFO - HTTP Request: HEAD https://huggingface.co/api/resolve-cache/datasets/stanfordnlp/imdb/e6281661ce1c48d982bc483cf8a173c1bbeb5d31/README.md "HTTP/1.1 200 OK"
2026-01-20 20:11:59,041 - INFO - HTTP Request: HEAD https://huggingface.co/datasets/imdb/resolve/e6281661ce1c48d982bc483cf8a173c1bbeb5d31/imdb.py "HTTP/1.1 307 Temporary Redirect"
2026-01-20 20:11:59,282 - INFO - HTTP Request: HEAD https://huggingface.co/datasets/stanfordnlp/imdb/resolve/e6281661ce1c48d982bc483cf8a173c1bbeb5d31/imdb.py "HTTP/1.1 404 Not Found"
2026-01-20 20:12:00,327 - INFO - HTTP Request: HEAD https://s3.amazonaws.com/datasets.huggingface.co/datasets/datasets/imdb/imdb.py "HTTP/1.1 200 OK"
2026-01-20 20:12:00,632 - INFO - HTTP Request: GET https://huggingface.co/api/datasets/imdb/revision/e6281661ce1c48d982bc483cf8a173c1bbeb5d31 "HTTP/1.1 307 Temporary Redirect"
2026-01-20 20:12:00,878 - INFO - HTTP Request: GET https://huggingface.co/api/datasets/stanfordnlp/imdb/revision/e6281661ce1c48d982bc483cf8a173c1bbeb5d31 "HTTP/1.1 200 OK"
2026-01-20 20:12:01,149 - INFO - HTTP Request: HEAD https://huggingface.co/datasets/imdb/resolve/e6281661ce1c48d982bc483cf8a173c1bbeb5d31/.huggingface.yaml "HTTP/1.1 307 Temporary Redirect"
2026-01-20 20:12:01,383 - INFO - HTTP Request: HEAD https://huggingface.co/datasets/stanfordnlp/imdb/resolve/e6281661ce1c48d982bc483cf8a173c1bbeb5d31/.huggingface.yaml "HTTP/1.1 404 Not Found"
2026-01-20 20:12:01,843 - INFO - HTTP Request: GET https://datasets-server.huggingface.co/info?dataset=imdb "HTTP/1.1 404 Not Found"
2026-01-20 20:12:02,097 - INFO - HTTP Request: GET https://huggingface.co/api/datasets/imdb/tree/e6281661ce1c48d982bc483cf8a173c1bbeb5d31/plain_text?recursive=true&expand=false "HTTP/1.1 307 Temporary Redirect"
2026-01-20 20:12:02,317 - INFO - HTTP Request: GET https://huggingface.co/api/datasets/stanfordnlp/imdb/tree/e6281661ce1c48d982bc483cf8a173c1bbeb5d31/plain_text?recursive=true&expand=false "HTTP/1.1 200 OK"
2026-01-20 20:12:02,556 - INFO - HTTP Request: GET https://huggingface.co/api/datasets/imdb/tree/e6281661ce1c48d982bc483cf8a173c1bbeb5d31?recursive=false&expand=false "HTTP/1.1 307 Temporary Redirect"
2026-01-20 20:12:02,912 - INFO - HTTP Request: GET https://huggingface.co/api/datasets/stanfordnlp/imdb/tree/e6281661ce1c48d982bc483cf8a173c1bbeb5d31?recursive=false&expand=false "HTTP/1.1 200 OK"
2026-01-20 20:12:03,493 - INFO - HTTP Request: HEAD https://huggingface.co/datasets/imdb/resolve/e6281661ce1c48d982bc483cf8a173c1bbeb5d31/dataset_infos.json "HTTP/1.1 307 Temporary Redirect"
2026-01-20 20:12:03,733 - INFO - HTTP Request: HEAD https://huggingface.co/datasets/stanfordnlp/imdb/resolve/e6281661ce1c48d982bc483cf8a173c1bbeb5d31/dataset_infos.json "HTTP/1.1 404 Not Found"
2026-01-20 20:12:04,019 - INFO - DatasetDict({
    train: Dataset({
        features: ['text', 'label'],
        num_rows: 25000
    })
    test: Dataset({
        features: ['text', 'label'],
        num_rows: 25000
    })
    unsupervised: Dataset({
        features: ['text', 'label'],
        num_rows: 50000
    })
})
2026-01-20 20:12:13,796 - INFO - These are trin and test df's (25000, 2) and (25000, 2)
2026-01-20 20:14:21,426 - INFO - Data Ingestion begining
2026-01-20 20:14:22,366 - INFO - HTTP Request: HEAD https://huggingface.co/datasets/imdb/resolve/main/README.md "HTTP/1.1 307 Temporary Redirect"
2026-01-20 20:14:22,587 - INFO - HTTP Request: HEAD https://huggingface.co/datasets/stanfordnlp/imdb/resolve/main/README.md "HTTP/1.1 307 Temporary Redirect"
2026-01-20 20:14:22,601 - INFO - HTTP Request: HEAD https://huggingface.co/api/resolve-cache/datasets/stanfordnlp/imdb/e6281661ce1c48d982bc483cf8a173c1bbeb5d31/README.md "HTTP/1.1 200 OK"
2026-01-20 20:14:22,836 - INFO - HTTP Request: HEAD https://huggingface.co/datasets/imdb/resolve/e6281661ce1c48d982bc483cf8a173c1bbeb5d31/imdb.py "HTTP/1.1 307 Temporary Redirect"
2026-01-20 20:14:23,071 - INFO - HTTP Request: HEAD https://huggingface.co/datasets/stanfordnlp/imdb/resolve/e6281661ce1c48d982bc483cf8a173c1bbeb5d31/imdb.py "HTTP/1.1 404 Not Found"
2026-01-20 20:14:23,777 - INFO - HTTP Request: HEAD https://s3.amazonaws.com/datasets.huggingface.co/datasets/datasets/imdb/imdb.py "HTTP/1.1 200 OK"
2026-01-20 20:14:24,063 - INFO - HTTP Request: GET https://huggingface.co/api/datasets/imdb/revision/e6281661ce1c48d982bc483cf8a173c1bbeb5d31 "HTTP/1.1 307 Temporary Redirect"
2026-01-20 20:14:24,285 - INFO - HTTP Request: GET https://huggingface.co/api/datasets/stanfordnlp/imdb/revision/e6281661ce1c48d982bc483cf8a173c1bbeb5d31 "HTTP/1.1 200 OK"
2026-01-20 20:14:24,550 - INFO - HTTP Request: HEAD https://huggingface.co/datasets/imdb/resolve/e6281661ce1c48d982bc483cf8a173c1bbeb5d31/.huggingface.yaml "HTTP/1.1 307 Temporary Redirect"
2026-01-20 20:14:24,774 - INFO - HTTP Request: HEAD https://huggingface.co/datasets/stanfordnlp/imdb/resolve/e6281661ce1c48d982bc483cf8a173c1bbeb5d31/.huggingface.yaml "HTTP/1.1 404 Not Found"
2026-01-20 20:14:25,087 - INFO - HTTP Request: GET https://datasets-server.huggingface.co/info?dataset=imdb "HTTP/1.1 404 Not Found"
2026-01-20 20:14:25,329 - INFO - HTTP Request: GET https://huggingface.co/api/datasets/imdb/tree/e6281661ce1c48d982bc483cf8a173c1bbeb5d31/plain_text?recursive=true&expand=false "HTTP/1.1 307 Temporary Redirect"
2026-01-20 20:14:25,567 - INFO - HTTP Request: GET https://huggingface.co/api/datasets/stanfordnlp/imdb/tree/e6281661ce1c48d982bc483cf8a173c1bbeb5d31/plain_text?recursive=true&expand=false "HTTP/1.1 200 OK"
2026-01-20 20:14:25,790 - INFO - HTTP Request: GET https://huggingface.co/api/datasets/imdb/tree/e6281661ce1c48d982bc483cf8a173c1bbeb5d31?recursive=false&expand=false "HTTP/1.1 307 Temporary Redirect"
2026-01-20 20:14:26,032 - INFO - HTTP Request: GET https://huggingface.co/api/datasets/stanfordnlp/imdb/tree/e6281661ce1c48d982bc483cf8a173c1bbeb5d31?recursive=false&expand=false "HTTP/1.1 200 OK"
2026-01-20 20:14:26,452 - INFO - HTTP Request: HEAD https://huggingface.co/datasets/imdb/resolve/e6281661ce1c48d982bc483cf8a173c1bbeb5d31/dataset_infos.json "HTTP/1.1 307 Temporary Redirect"
2026-01-20 20:14:26,670 - INFO - HTTP Request: HEAD https://huggingface.co/datasets/stanfordnlp/imdb/resolve/e6281661ce1c48d982bc483cf8a173c1bbeb5d31/dataset_infos.json "HTTP/1.1 404 Not Found"
2026-01-20 20:14:26,755 - INFO - DatasetDict({
    train: Dataset({
        features: ['text', 'label'],
        num_rows: 25000
    })
    test: Dataset({
        features: ['text', 'label'],
        num_rows: 25000
    })
    unsupervised: Dataset({
        features: ['text', 'label'],
        num_rows: 50000
    })
})
2026-01-20 20:14:39,309 - INFO - These are trin and test df's (25000, 2) and (25000, 2)
2026-01-20 20:15:18,044 - INFO - Data Ingestion begining
2026-01-20 20:15:18,333 - INFO - HTTP Request: HEAD https://huggingface.co/datasets/imdb/resolve/main/README.md "HTTP/1.1 307 Temporary Redirect"
2026-01-20 20:15:18,615 - INFO - HTTP Request: HEAD https://huggingface.co/datasets/stanfordnlp/imdb/resolve/main/README.md "HTTP/1.1 307 Temporary Redirect"
2026-01-20 20:15:18,631 - INFO - HTTP Request: HEAD https://huggingface.co/api/resolve-cache/datasets/stanfordnlp/imdb/e6281661ce1c48d982bc483cf8a173c1bbeb5d31/README.md "HTTP/1.1 200 OK"
2026-01-20 20:15:18,881 - INFO - HTTP Request: HEAD https://huggingface.co/datasets/imdb/resolve/e6281661ce1c48d982bc483cf8a173c1bbeb5d31/imdb.py "HTTP/1.1 307 Temporary Redirect"
2026-01-20 20:15:19,144 - INFO - HTTP Request: HEAD https://huggingface.co/datasets/stanfordnlp/imdb/resolve/e6281661ce1c48d982bc483cf8a173c1bbeb5d31/imdb.py "HTTP/1.1 404 Not Found"
2026-01-20 20:15:20,110 - INFO - HTTP Request: HEAD https://s3.amazonaws.com/datasets.huggingface.co/datasets/datasets/imdb/imdb.py "HTTP/1.1 200 OK"
2026-01-20 20:15:20,400 - INFO - HTTP Request: GET https://huggingface.co/api/datasets/imdb/revision/e6281661ce1c48d982bc483cf8a173c1bbeb5d31 "HTTP/1.1 307 Temporary Redirect"
2026-01-20 20:15:20,628 - INFO - HTTP Request: GET https://huggingface.co/api/datasets/stanfordnlp/imdb/revision/e6281661ce1c48d982bc483cf8a173c1bbeb5d31 "HTTP/1.1 200 OK"
2026-01-20 20:15:20,852 - INFO - HTTP Request: HEAD https://huggingface.co/datasets/imdb/resolve/e6281661ce1c48d982bc483cf8a173c1bbeb5d31/.huggingface.yaml "HTTP/1.1 307 Temporary Redirect"
2026-01-20 20:15:21,068 - INFO - HTTP Request: HEAD https://huggingface.co/datasets/stanfordnlp/imdb/resolve/e6281661ce1c48d982bc483cf8a173c1bbeb5d31/.huggingface.yaml "HTTP/1.1 404 Not Found"
2026-01-20 20:15:21,344 - INFO - HTTP Request: GET https://datasets-server.huggingface.co/info?dataset=imdb "HTTP/1.1 404 Not Found"
2026-01-20 20:15:21,564 - INFO - HTTP Request: GET https://huggingface.co/api/datasets/imdb/tree/e6281661ce1c48d982bc483cf8a173c1bbeb5d31/plain_text?recursive=true&expand=false "HTTP/1.1 307 Temporary Redirect"
2026-01-20 20:15:21,799 - INFO - HTTP Request: GET https://huggingface.co/api/datasets/stanfordnlp/imdb/tree/e6281661ce1c48d982bc483cf8a173c1bbeb5d31/plain_text?recursive=true&expand=false "HTTP/1.1 200 OK"
2026-01-20 20:15:22,041 - INFO - HTTP Request: GET https://huggingface.co/api/datasets/imdb/tree/e6281661ce1c48d982bc483cf8a173c1bbeb5d31?recursive=false&expand=false "HTTP/1.1 307 Temporary Redirect"
2026-01-20 20:15:22,262 - INFO - HTTP Request: GET https://huggingface.co/api/datasets/stanfordnlp/imdb/tree/e6281661ce1c48d982bc483cf8a173c1bbeb5d31?recursive=false&expand=false "HTTP/1.1 200 OK"
2026-01-20 20:15:22,508 - INFO - HTTP Request: HEAD https://huggingface.co/datasets/imdb/resolve/e6281661ce1c48d982bc483cf8a173c1bbeb5d31/dataset_infos.json "HTTP/1.1 307 Temporary Redirect"
2026-01-20 20:15:22,762 - INFO - HTTP Request: HEAD https://huggingface.co/datasets/stanfordnlp/imdb/resolve/e6281661ce1c48d982bc483cf8a173c1bbeb5d31/dataset_infos.json "HTTP/1.1 404 Not Found"
2026-01-20 20:15:22,862 - INFO - DatasetDict({
    train: Dataset({
        features: ['text', 'label'],
        num_rows: 25000
    })
    test: Dataset({
        features: ['text', 'label'],
        num_rows: 25000
    })
    unsupervised: Dataset({
        features: ['text', 'label'],
        num_rows: 50000
    })
})
2026-01-20 20:15:33,696 - INFO - These are trin and test df's (25000, 2) and (25000, 2)
2026-01-20 20:15:58,684 - INFO - These are confusion metrics [[349  67]
 [ 63 321]]
